Unity Editor version:    2020.3.25f1 (9b9180224418)
Branch:                  2020.3/staging
Build type:              Release
Batch mode:              YES
macOS version:           Version 12.0.1 (Build 21A559)
Darwin version:          21.1.0
Architecture:            x86_64
Running under Rosetta:   YES
Available memory:        8192 MB
Using pre-set license
Pro License: NO

COMMAND LINE ARGUMENTS:
/Users/macbookair/Documents/Unity/2020.3.25f1/Unity.app/Contents/MacOS/Unity
-adb2
-batchMode
-noUpm
-name
AssetImportWorker0
-projectPath
/Users/macbookair/Documents/GitHub/RythmnRunner8hrs/Rhythm-Game-Jam/Big Rhythms my bru
-logFile
Logs/AssetImportWorker0.log
-srvPort
64751
Successfully changed project path to: /Users/macbookair/Documents/GitHub/RythmnRunner8hrs/Rhythm-Game-Jam/Big Rhythms my bru
/Users/macbookair/Documents/GitHub/RythmnRunner8hrs/Rhythm-Game-Jam/Big Rhythms my bru
Using Asset Import Pipeline V2.
Refreshing native plugins compatible for Editor in 35.51 ms, found 2 plugins.
Preloading 0 native plugins for Editor in 0.00 ms.
Initialize engine version: 2020.3.25f1 (9b9180224418)
[Subsystems] Discovering subsystems at path /Users/macbookair/Documents/Unity/2020.3.25f1/Unity.app/Contents/Resources/UnitySubsystems
[Subsystems] Discovering subsystems at path /Users/macbookair/Documents/GitHub/RythmnRunner8hrs/Rhythm-Game-Jam/Big Rhythms my bru/Assets
GfxDevice: creating device client; threaded=0
2022-06-25 13:01:49.097 Unity[90279:3898869] (null) preferred device: Apple M1 (high power)
2022-06-25 13:01:49.097 Unity[90279:3898869] Metal devices available: 1
2022-06-25 13:01:49.097 Unity[90279:3898869] 0: Apple M1 (high power)
2022-06-25 13:01:49.097 Unity[90279:3898869] Using device Apple M1 (high power)
Initializing Metal device caps: Apple M1
Initialize mono
Mono path[0] = '/Users/macbookair/Documents/Unity/2020.3.25f1/Unity.app/Contents/Managed'
Mono path[1] = '/Users/macbookair/Documents/Unity/2020.3.25f1/Unity.app/Contents/MonoBleedingEdge/lib/mono/unityjit'
Mono config path = '/Users/macbookair/Documents/Unity/2020.3.25f1/Unity.app/Contents/MonoBleedingEdge/etc'
Using monoOptions --debugger-agent=transport=dt_socket,embedding=1,server=y,suspend=n,address=127.0.0.1:56279
Begin MonoManager ReloadAssembly
Registering precompiled unity dll's ...
Register platform support module: /Users/macbookair/Documents/Unity/2020.3.25f1/Unity.app/Contents/PlaybackEngines/MacStandaloneSupport/UnityEditor.OSXStandalone.Extensions.dll
Registered in 0.001019 seconds.
Native extension for OSXStandalone target not found
Refreshing native plugins compatible for Editor in 30.19 ms, found 2 plugins.
Preloading 0 native plugins for Editor in 0.00 ms.
Mono: successfully reloaded assembly
- Completed reload, in  1.323 seconds
Domain Reload Profiling:
	ReloadAssembly (1341ms)
		BeginReloadAssembly (128ms)
			ExecutionOrderSort (0ms)
			DisableScriptedObjects (0ms)
			BackupInstance (0ms)
			ReleaseScriptingObjects (0ms)
			CreateAndSetChildDomain (4ms)
		EndReloadAssembly (1084ms)
			LoadAssemblies (106ms)
			RebuildTransferFunctionScriptingTraits (1ms)
			SetupTypeCache (183ms)
			ReleaseScriptCaches (0ms)
			RebuildScriptCaches (40ms)
			SetupLoadedEditorAssemblies (556ms)
				LogAssemblyErrors (0ms)
				InitializePlatformSupportModulesInManaged (11ms)
				SetLoadedEditorAssemblies (1ms)
				RefreshPlugins (30ms)
				BeforeProcessingInitializeOnLoad (93ms)
				ProcessInitializeOnLoadAttributes (310ms)
				ProcessInitializeOnLoadMethodAttributes (110ms)
				AfterProcessingInitializeOnLoad (0ms)
				EditorAssembliesLoaded (1ms)
			ExecutionOrderSort2 (0ms)
			AwakeInstancesAfterBackupRestoration (0ms)
Platform modules already initialized, skipping
Registering precompiled user dll's ...
Registered in 0.002958 seconds.
Begin MonoManager ReloadAssembly
Native extension for OSXStandalone target not found
Refreshing native plugins compatible for Editor in 0.36 ms, found 2 plugins.
Preloading 0 native plugins for Editor in 0.00 ms.
Mono: successfully reloaded assembly
- Completed reload, in  2.205 seconds
Domain Reload Profiling:
	ReloadAssembly (2211ms)
		BeginReloadAssembly (281ms)
			ExecutionOrderSort (0ms)
			DisableScriptedObjects (33ms)
			BackupInstance (0ms)
			ReleaseScriptingObjects (0ms)
			CreateAndSetChildDomain (47ms)
		EndReloadAssembly (1838ms)
			LoadAssemblies (182ms)
			RebuildTransferFunctionScriptingTraits (0ms)
			SetupTypeCache (326ms)
			ReleaseScriptCaches (0ms)
			RebuildScriptCaches (53ms)
			SetupLoadedEditorAssemblies (1017ms)
				LogAssemblyErrors (0ms)
				InitializePlatformSupportModulesInManaged (18ms)
				SetLoadedEditorAssemblies (2ms)
				RefreshPlugins (0ms)
				BeforeProcessingInitializeOnLoad (202ms)
				ProcessInitializeOnLoadAttributes (759ms)
				ProcessInitializeOnLoadMethodAttributes (34ms)
				AfterProcessingInitializeOnLoad (1ms)
				EditorAssembliesLoaded (0ms)
			ExecutionOrderSort2 (0ms)
			AwakeInstancesAfterBackupRestoration (33ms)
Platform modules already initialized, skipping
Validating Project structure ... 0.000121 seconds.
Shader import version has changed; will reimport all shaders...
Upgrading shader files ...0.000272 seconds.
Application.AssetDatabase Initial Script Refresh Start
RefreshInfo: InitialScriptRefreshV2(NoUpdateAssetOptions) scanfilter:  ... 1 filters
RefreshProfiler: Total: 0.000ms
Application.AssetDatabase Initial Script Refresh End
Application.AssetDatabase.Refresh Start
Application.AssetDatabase.Refresh End
RefreshInfo: StopAssetImportingV2(ForceSynchronousImport) scanfilter: 
RefreshProfiler: Total: 0.000ms
Launching external process: /Users/macbookair/Documents/Unity/2020.3.25f1/Unity.app/Contents/Tools/UnityShaderCompiler
Launched and connected shader compiler UnityShaderCompiler after 0.20 seconds
Initializing Unity extensions:
2022-06-25 13:01:53.888 Unity[90279:3898869] NSEventModifierFlagFunction specified to -setKeyEquivalentModifierMask: for item <NSMenuItem: 0x600001388d20 Font Asset, ke='Command-F12'>, but is only supported for system-provided menu items; will not be used
2022-06-25 13:01:53.898 Unity[90279:3898869] NSEventModifierFlagFunction specified to -setKeyEquivalentModifierMask: for item <NSMenuItem: 0x600001398460 Font Asset, ke='Command-F12'>, but is only supported for system-provided menu items; will not be used
========================================================================
Worker process is ready to serve import requests
Refreshing native plugins compatible for Editor in 0.26 ms, found 2 plugins.
Preloading 0 native plugins for Editor in 0.00 ms.
Unloading 1501 Unused Serialized files (Serialized files now loaded: 0)
System memory in use before: 190.6 MB.
System memory in use after: 189.8 MB.

Unloading 80 unused Assets to reduce memory usage. Loaded Objects now: 1972.
Total: 3.714375 ms (FindLiveObjects: 0.094666 ms CreateObjectMapping: 0.030542 ms MarkObjects: 3.057542 ms  DeleteObjects: 0.530709 ms)

AssetImportParameters requested are different than current active one (requested -> active):
  custom:video-decoder-ogg-theora: a1e56fd34408186e4bbccfd4996cb3dc -> 
  custom:container-muxer-webm: aa71ff27fc2769a1b78a27578f13a17b -> 
  custom:container-demuxer-webm: 4f35f7cbe854078d1ac9338744f61a02 -> 
  custom:container-demuxer-ogg: 62fdf1f143b41e24485cea50d1cbac27 -> 
  custom:video-encoder-webm-vp8: eb34c28f22e8b96e1ab97ce403110664 -> 
  custom:framework-osx-AVFoundation: e770b220cccbd017edd2c1fefb359320 -> 
  custom:video-decoder-webm-vp8: 9c59270c3fd7afecdb556c50c9e8de78 -> 
  custom:audio-decoder-ogg-vorbis: bf7c407c2cedff20999df2af8eb42d56 -> 
  custom:audio-encoder-webm-vorbis: bf7c407c2cedff20999df2af8eb42d56 -> 
========================================================================
Received Import Request.
  path: Assets/Scripts
  artifactKey: Guid(14ef10246fc284692a68b056ab8889bb) Importer(815301076,1909f56bfc062723c751e8b465ee728b)
Start importing Assets/Scripts using Guid(14ef10246fc284692a68b056ab8889bb) Importer(815301076,1909f56bfc062723c751e8b465ee728b)  -> (artifact id: 'afde307f3a31554193e12551b15c948a') in 0.008513 seconds 
  Import took 0.011089 seconds .

========================================================================
Received Import Request.
  Time since last request: 4.956819 seconds.
  path: Assets/Sounds
  artifactKey: Guid(cc86c5a735616414ab220186271e6c23) Importer(815301076,1909f56bfc062723c751e8b465ee728b)
Start importing Assets/Sounds using Guid(cc86c5a735616414ab220186271e6c23) Importer(815301076,1909f56bfc062723c751e8b465ee728b)  -> (artifact id: '192b72e61c7c9f7778bbb3cfb94a181f') in 0.010225 seconds 
  Import took 0.030259 seconds .

========================================================================
Received Import Request.
  Time since last request: 8.718966 seconds.
  path: Assets/Art
  artifactKey: Guid(7a9b2978c41d447ac995909817dc7e01) Importer(815301076,1909f56bfc062723c751e8b465ee728b)
Start importing Assets/Art using Guid(7a9b2978c41d447ac995909817dc7e01) Importer(815301076,1909f56bfc062723c751e8b465ee728b)  -> (artifact id: '9a03f28fbceab07516bcca4d63d714b8') in 0.010714 seconds 
  Import took 0.022786 seconds .

========================================================================
Received Import Request.
  Time since last request: 9.352213 seconds.
  path: Assets/Shaders
  artifactKey: Guid(1de645e022bff442a9c0717ed67f1a3f) Importer(815301076,1909f56bfc062723c751e8b465ee728b)
Start importing Assets/Shaders using Guid(1de645e022bff442a9c0717ed67f1a3f) Importer(815301076,1909f56bfc062723c751e8b465ee728b)  -> (artifact id: '5a98b5f153311ea7ad98f5fa219510ef') in 0.006399 seconds 
  Import took 0.020208 seconds .

========================================================================
Received Import Request.
  Time since last request: 8.401696 seconds.
  path: Assets/Plugins
  artifactKey: Guid(ff1f5e7d9ec0d4b02a40d24d19470e3c) Importer(815301076,1909f56bfc062723c751e8b465ee728b)
Start importing Assets/Plugins using Guid(ff1f5e7d9ec0d4b02a40d24d19470e3c) Importer(815301076,1909f56bfc062723c751e8b465ee728b)  -> (artifact id: '17a2c4e175a19edc616bbe5c7171bf4b') in 0.003303 seconds 
  Import took 0.011848 seconds .

========================================================================
Received Import Request.
  Time since last request: 111.991673 seconds.
  path: Assets/Scenes
  artifactKey: Guid(0fcf9c96fb86fdd45ae5570c101514dd) Importer(815301076,1909f56bfc062723c751e8b465ee728b)
Start importing Assets/Scenes using Guid(0fcf9c96fb86fdd45ae5570c101514dd) Importer(815301076,1909f56bfc062723c751e8b465ee728b)  -> (artifact id: '691190d5b7eca42086a7655de88e5c62') in 0.013860 seconds 
  Import took 0.034696 seconds .

========================================================================
Received Import Request.
  Time since last request: 123.001034 seconds.
  path: Assets/Plugins/googlyeyes-master
  artifactKey: Guid(8f96bd70052124157846a5968c1bb284) Importer(815301076,1909f56bfc062723c751e8b465ee728b)
Start importing Assets/Plugins/googlyeyes-master using Guid(8f96bd70052124157846a5968c1bb284) Importer(815301076,1909f56bfc062723c751e8b465ee728b)  -> (artifact id: '8267702d65dcc0e1b3d47f45b501e967') in 0.005172 seconds 
  Import took 0.019865 seconds .

========================================================================
Received Prepare
Registering precompiled user dll's ...
Registered in 0.002660 seconds.
Begin MonoManager ReloadAssembly
Native extension for OSXStandalone target not found
Refreshing native plugins compatible for Editor in 0.47 ms, found 2 plugins.
Preloading 0 native plugins for Editor in 0.00 ms.
2022-06-25 13:06:26.085 Unity[90279:3898869] NSEventModifierFlagFunction specified to -setKeyEquivalentModifierMask: for item <NSMenuItem: 0x600001396b50 Font Asset, ke='Command-F12'>, but is only supported for system-provided menu items; will not be used
Mono: successfully reloaded assembly
- Completed reload, in  2.388 seconds
Domain Reload Profiling:
	ReloadAssembly (2408ms)
		BeginReloadAssembly (276ms)
			ExecutionOrderSort (0ms)
			DisableScriptedObjects (41ms)
			BackupInstance (0ms)
			ReleaseScriptingObjects (0ms)
			CreateAndSetChildDomain (109ms)
		EndReloadAssembly (2034ms)
			LoadAssemblies (195ms)
			RebuildTransferFunctionScriptingTraits (0ms)
			SetupTypeCache (334ms)
			ReleaseScriptCaches (1ms)
			RebuildScriptCaches (48ms)
			SetupLoadedEditorAssemblies (1161ms)
				LogAssemblyErrors (0ms)
				InitializePlatformSupportModulesInManaged (22ms)
				SetLoadedEditorAssemblies (2ms)
				RefreshPlugins (15ms)
				BeforeProcessingInitializeOnLoad (277ms)
				ProcessInitializeOnLoadAttributes (810ms)
				ProcessInitializeOnLoadMethodAttributes (33ms)
				AfterProcessingInitializeOnLoad (1ms)
				EditorAssembliesLoaded (0ms)
			ExecutionOrderSort2 (0ms)
			AwakeInstancesAfterBackupRestoration (33ms)
Platform modules already initialized, skipping
Refreshing native plugins compatible for Editor in 0.40 ms, found 2 plugins.
Preloading 0 native plugins for Editor in 0.00 ms.
Unloading 1496 Unused Serialized files (Serialized files now loaded: 0)
System memory in use before: 189.6 MB.
System memory in use after: 189.7 MB.

Unloading 15 unused Assets to reduce memory usage. Loaded Objects now: 1977.
Total: 18.227167 ms (FindLiveObjects: 0.074083 ms CreateObjectMapping: 0.027084 ms MarkObjects: 18.098709 ms  DeleteObjects: 0.024250 ms)

AssetImportParameters requested are different than current active one (requested -> active):
  custom:video-decoder-ogg-theora: a1e56fd34408186e4bbccfd4996cb3dc -> 
  custom:container-muxer-webm: aa71ff27fc2769a1b78a27578f13a17b -> 
  custom:container-demuxer-webm: 4f35f7cbe854078d1ac9338744f61a02 -> 
  custom:container-demuxer-ogg: 62fdf1f143b41e24485cea50d1cbac27 -> 
  custom:video-encoder-webm-vp8: eb34c28f22e8b96e1ab97ce403110664 -> 
  custom:framework-osx-AVFoundation: e770b220cccbd017edd2c1fefb359320 -> 
  custom:video-decoder-webm-vp8: 9c59270c3fd7afecdb556c50c9e8de78 -> 
  custom:audio-decoder-ogg-vorbis: bf7c407c2cedff20999df2af8eb42d56 -> 
  custom:audio-encoder-webm-vorbis: bf7c407c2cedff20999df2af8eb42d56 -> 
========================================================================
Received Prepare
Registering precompiled user dll's ...
Registered in 0.002346 seconds.
Begin MonoManager ReloadAssembly
Native extension for OSXStandalone target not found
Refreshing native plugins compatible for Editor in 0.32 ms, found 2 plugins.
Preloading 0 native plugins for Editor in 0.00 ms.
2022-06-25 13:06:37.902 Unity[90279:3898869] NSEventModifierFlagFunction specified to -setKeyEquivalentModifierMask: for item <NSMenuItem: 0x600001389ab0 Font Asset, ke='Command-F12'>, but is only supported for system-provided menu items; will not be used
Mono: successfully reloaded assembly
- Completed reload, in  2.154 seconds
Domain Reload Profiling:
	ReloadAssembly (2155ms)
		BeginReloadAssembly (199ms)
			ExecutionOrderSort (0ms)
			DisableScriptedObjects (37ms)
			BackupInstance (0ms)
			ReleaseScriptingObjects (0ms)
			CreateAndSetChildDomain (63ms)
		EndReloadAssembly (1865ms)
			LoadAssemblies (179ms)
			RebuildTransferFunctionScriptingTraits (0ms)
			SetupTypeCache (309ms)
			ReleaseScriptCaches (1ms)
			RebuildScriptCaches (47ms)
			SetupLoadedEditorAssemblies (1059ms)
				LogAssemblyErrors (0ms)
				InitializePlatformSupportModulesInManaged (17ms)
				SetLoadedEditorAssemblies (2ms)
				RefreshPlugins (0ms)
				BeforeProcessingInitializeOnLoad (260ms)
				ProcessInitializeOnLoadAttributes (749ms)
				ProcessInitializeOnLoadMethodAttributes (29ms)
				AfterProcessingInitializeOnLoad (1ms)
				EditorAssembliesLoaded (0ms)
			ExecutionOrderSort2 (0ms)
			AwakeInstancesAfterBackupRestoration (35ms)
Platform modules already initialized, skipping
Refreshing native plugins compatible for Editor in 0.21 ms, found 2 plugins.
Preloading 0 native plugins for Editor in 0.00 ms.
Unloading 1494 Unused Serialized files (Serialized files now loaded: 0)
System memory in use before: 189.7 MB.
System memory in use after: 189.8 MB.

Unloading 16 unused Assets to reduce memory usage. Loaded Objects now: 1977.
Total: 2.048875 ms (FindLiveObjects: 0.069208 ms CreateObjectMapping: 0.031333 ms MarkObjects: 1.931000 ms  DeleteObjects: 0.016625 ms)

AssetImportParameters requested are different than current active one (requested -> active):
  custom:video-decoder-ogg-theora: a1e56fd34408186e4bbccfd4996cb3dc -> 
  custom:container-muxer-webm: aa71ff27fc2769a1b78a27578f13a17b -> 
  custom:container-demuxer-webm: 4f35f7cbe854078d1ac9338744f61a02 -> 
  custom:container-demuxer-ogg: 62fdf1f143b41e24485cea50d1cbac27 -> 
  custom:video-encoder-webm-vp8: eb34c28f22e8b96e1ab97ce403110664 -> 
  custom:framework-osx-AVFoundation: e770b220cccbd017edd2c1fefb359320 -> 
  custom:video-decoder-webm-vp8: 9c59270c3fd7afecdb556c50c9e8de78 -> 
  custom:audio-decoder-ogg-vorbis: bf7c407c2cedff20999df2af8eb42d56 -> 
  custom:audio-encoder-webm-vorbis: bf7c407c2cedff20999df2af8eb42d56 -> 
========================================================================
Received Prepare
Registering precompiled user dll's ...
Registered in 0.002477 seconds.
Begin MonoManager ReloadAssembly
Native extension for OSXStandalone target not found
Refreshing native plugins compatible for Editor in 0.33 ms, found 2 plugins.
Preloading 0 native plugins for Editor in 0.00 ms.
2022-06-25 13:07:46.547 Unity[90279:3898869] NSEventModifierFlagFunction specified to -setKeyEquivalentModifierMask: for item <NSMenuItem: 0x6000013aa0d0 Font Asset, ke='Command-F12'>, but is only supported for system-provided menu items; will not be used
Mono: successfully reloaded assembly
- Completed reload, in  2.356 seconds
Domain Reload Profiling:
	ReloadAssembly (2358ms)
		BeginReloadAssembly (238ms)
			ExecutionOrderSort (0ms)
			DisableScriptedObjects (38ms)
			BackupInstance (0ms)
			ReleaseScriptingObjects (0ms)
			CreateAndSetChildDomain (88ms)
		EndReloadAssembly (2025ms)
			LoadAssemblies (200ms)
			RebuildTransferFunctionScriptingTraits (0ms)
			SetupTypeCache (336ms)
			ReleaseScriptCaches (1ms)
			RebuildScriptCaches (50ms)
			SetupLoadedEditorAssemblies (1152ms)
				LogAssemblyErrors (0ms)
				InitializePlatformSupportModulesInManaged (16ms)
				SetLoadedEditorAssemblies (1ms)
				RefreshPlugins (0ms)
				BeforeProcessingInitializeOnLoad (282ms)
				ProcessInitializeOnLoadAttributes (822ms)
				ProcessInitializeOnLoadMethodAttributes (28ms)
				AfterProcessingInitializeOnLoad (1ms)
				EditorAssembliesLoaded (0ms)
			ExecutionOrderSort2 (0ms)
			AwakeInstancesAfterBackupRestoration (36ms)
Platform modules already initialized, skipping
Refreshing native plugins compatible for Editor in 0.24 ms, found 2 plugins.
Preloading 0 native plugins for Editor in 0.00 ms.
Unloading 1495 Unused Serialized files (Serialized files now loaded: 0)
System memory in use before: 189.9 MB.
System memory in use after: 190.0 MB.

Unloading 14 unused Assets to reduce memory usage. Loaded Objects now: 1980.
Total: 1.934208 ms (FindLiveObjects: 0.075042 ms CreateObjectMapping: 0.029750 ms MarkObjects: 1.782042 ms  DeleteObjects: 0.046417 ms)

AssetImportParameters requested are different than current active one (requested -> active):
  custom:video-decoder-ogg-theora: a1e56fd34408186e4bbccfd4996cb3dc -> 
  custom:container-muxer-webm: aa71ff27fc2769a1b78a27578f13a17b -> 
  custom:container-demuxer-webm: 4f35f7cbe854078d1ac9338744f61a02 -> 
  custom:container-demuxer-ogg: 62fdf1f143b41e24485cea50d1cbac27 -> 
  custom:video-encoder-webm-vp8: eb34c28f22e8b96e1ab97ce403110664 -> 
  custom:framework-osx-AVFoundation: e770b220cccbd017edd2c1fefb359320 -> 
  custom:video-decoder-webm-vp8: 9c59270c3fd7afecdb556c50c9e8de78 -> 
  custom:audio-decoder-ogg-vorbis: bf7c407c2cedff20999df2af8eb42d56 -> 
  custom:audio-encoder-webm-vorbis: bf7c407c2cedff20999df2af8eb42d56 -> 
========================================================================
Received Import Request.
  Time since last request: 87.012022 seconds.
  path: Assets/Plugins/GooglyEyes
  artifactKey: Guid(fc8ce994762de47b6ac46c18b6d81126) Importer(815301076,1909f56bfc062723c751e8b465ee728b)
Start importing Assets/Plugins/GooglyEyes using Guid(fc8ce994762de47b6ac46c18b6d81126) Importer(815301076,1909f56bfc062723c751e8b465ee728b)  -> (artifact id: '55b8cee0592f01e6471323d5c9b21a4a') in 0.004866 seconds 
  Import took 0.006361 seconds .

========================================================================
Received Import Request.
  Time since last request: 21.687378 seconds.
  path: Assets/Plugins/GooglyEyes/Prefabs
  artifactKey: Guid(7cd3e2b02e1b1b244aa885feabf6279d) Importer(815301076,1909f56bfc062723c751e8b465ee728b)
Start importing Assets/Plugins/GooglyEyes/Prefabs using Guid(7cd3e2b02e1b1b244aa885feabf6279d) Importer(815301076,1909f56bfc062723c751e8b465ee728b)  -> (artifact id: '2c8e9b46efd4749fb0caa06ffed7cab8') in 0.008075 seconds 
  Import took 0.016009 seconds .

========================================================================
Received Import Request.
  Time since last request: 1.169566 seconds.
  path: Assets/Plugins/GooglyEyes/Prefabs/GooglyEye.prefab
  artifactKey: Guid(ada9f071f57b00142acb18b0ecec12b6) Importer(815301076,1909f56bfc062723c751e8b465ee728b)
Start importing Assets/Plugins/GooglyEyes/Prefabs/GooglyEye.prefab using Guid(ada9f071f57b00142acb18b0ecec12b6) Importer(815301076,1909f56bfc062723c751e8b465ee728b)  -> (artifact id: 'e3706090dde363307aae0d84391047b6') in 1.300630 seconds 
  Import took 1.305276 seconds .

========================================================================
Received Import Request.
  Time since last request: 9.399346 seconds.
  path: Assets/Plugins/GooglyEyes/Prefabs/GooglyEye.prefab
  artifactKey: Guid(ada9f071f57b00142acb18b0ecec12b6) Importer(815301076,1909f56bfc062723c751e8b465ee728b)
Start importing Assets/Plugins/GooglyEyes/Prefabs/GooglyEye.prefab using Guid(ada9f071f57b00142acb18b0ecec12b6) Importer(815301076,1909f56bfc062723c751e8b465ee728b)  -> (artifact id: 'bcbce02943af8b16e3ea91e487668f6a') in 0.026731 seconds 
  Import took 0.032655 seconds .

========================================================================
Received Import Request.
  Time since last request: 29.776981 seconds.
  path: Assets/Plugins/GooglyEyes/Models
  artifactKey: Guid(910241644bae0c94bb73c8b6812b58cb) Importer(815301076,1909f56bfc062723c751e8b465ee728b)
Start importing Assets/Plugins/GooglyEyes/Models using Guid(910241644bae0c94bb73c8b6812b58cb) Importer(815301076,1909f56bfc062723c751e8b465ee728b)  -> (artifact id: 'fd5408e4a563b166e2922c8295515493') in 0.002082 seconds 
  Import took 0.005295 seconds .

========================================================================
Received Import Request.
  Time since last request: 1.129630 seconds.
  path: Assets/Plugins/GooglyEyes/Materials
  artifactKey: Guid(aec351afcdc43de4498d8978aac89cd8) Importer(815301076,1909f56bfc062723c751e8b465ee728b)
Start importing Assets/Plugins/GooglyEyes/Materials using Guid(aec351afcdc43de4498d8978aac89cd8) Importer(815301076,1909f56bfc062723c751e8b465ee728b)  -> (artifact id: '2c26c788e0eee71ff0fbe1b8060481f4') in 0.002235 seconds 
  Import took 0.006129 seconds .

========================================================================
Received Import Request.
  Time since last request: 101.386990 seconds.
  path: Assets/Plugins/Textures
  artifactKey: Guid(6ec6f0f162fe1412180ff48cc8dac3d1) Importer(815301076,1909f56bfc062723c751e8b465ee728b)
Start importing Assets/Plugins/Textures using Guid(6ec6f0f162fe1412180ff48cc8dac3d1) Importer(815301076,1909f56bfc062723c751e8b465ee728b)  -> (artifact id: 'ad32331d7ba3583ce2c822dc18b07aaa') in 0.004445 seconds 
  Import took 0.022914 seconds .

========================================================================
Received Import Request.
  Time since last request: 2.921288 seconds.
  path: Assets/Plugins/Scenes
  artifactKey: Guid(4f704ae4b4f98ae41a0bce26658850c1) Importer(815301076,1909f56bfc062723c751e8b465ee728b)
Start importing Assets/Plugins/Scenes using Guid(4f704ae4b4f98ae41a0bce26658850c1) Importer(815301076,1909f56bfc062723c751e8b465ee728b)  -> (artifact id: '1aca82992b6beeddaa6663b47a6390a7') in 0.001266 seconds 
  Import took 0.004910 seconds .

========================================================================
Received Import Request.
  Time since last request: 1.451075 seconds.
  path: Assets/Plugins/Scenes/Scene.unity
  artifactKey: Guid(99c9720ab356a0642a771bea13969a05) Importer(815301076,1909f56bfc062723c751e8b465ee728b)
Start importing Assets/Plugins/Scenes/Scene.unity using Guid(99c9720ab356a0642a771bea13969a05) Importer(815301076,1909f56bfc062723c751e8b465ee728b)  -> (artifact id: 'ef3fd087919a09407dcba4f54dacdf53') in 0.006286 seconds 
  Import took 0.008891 seconds .

========================================================================
Received Import Request.
  Time since last request: 11.113592 seconds.
  path: Assets/Plugins/Textures/fur_1.tga
  artifactKey: Guid(a3390bf69b5e44aefbaa8626b10f94cc) Importer(815301076,1909f56bfc062723c751e8b465ee728b)
Start importing Assets/Plugins/Textures/fur_1.tga using Guid(a3390bf69b5e44aefbaa8626b10f94cc) Importer(815301076,1909f56bfc062723c751e8b465ee728b)  -> (artifact id: 'd08ac2d8ac5829b47d1d59177364fc1a') in 0.939920 seconds 
  Import took 0.954414 seconds .

========================================================================
Received Import Request.
  Time since last request: 0.000677 seconds.
  path: Assets/Plugins/Textures/noise_1.tga
  artifactKey: Guid(91f1dfbc4bdcf4dab8e1e11bbc9bed54) Importer(815301076,1909f56bfc062723c751e8b465ee728b)
Start importing Assets/Plugins/Textures/noise_1.tga using Guid(91f1dfbc4bdcf4dab8e1e11bbc9bed54) Importer(815301076,1909f56bfc062723c751e8b465ee728b)  -> (artifact id: '9d59d95e136847df2f7e299d4b319ba8') in 0.009689 seconds 
  Import took 0.011750 seconds .

